1776480875250616: THREAD 0 WAITING FOR MY TURN
1776480875250655: THREAD 0 AWAKENED FOR WORK
1776480875250663: THREAD 0,INSERT,Shigeru Miyamoto,85000
1776480875250672: THREAD 0 WRITE LOCK ACQUIRED
1776480875250700: THREAD 0 WRITE LOCK RELEASED
1776480875250736: THREAD 3 WAITING FOR MY TURN
1776480875250784: THREAD 3 AWAKENED FOR WORK
1776480875250799: THREAD 3,INSERT,Todd Howard,79000
1776480875250808: THREAD 3 WRITE LOCK ACQUIRED
1776480875250817: THREAD 3 WRITE LOCK RELEASED
1776480875250821: THREAD 2 WAITING FOR MY TURN
1776480875250829: THREAD 2 AWAKENED FOR WORK
1776480875250858: THREAD 2,INSERT,Gabe Newell,88000
1776480875250865: THREAD 2 WRITE LOCK ACQUIRED
1776480875250873: THREAD 2 WRITE LOCK RELEASED
1776480875250878: THREAD 5 WAITING FOR MY TURN
1776480875250891: THREAD 5 AWAKENED FOR WORK
1776480875250905: THREAD 5,PRINT,0,0
1776480875250911: THREAD 5 READ LOCK ACQUIRED
1776480875250919: THREAD 6 WAITING FOR MY TURN
1776480875250929: THREAD 6 AWAKENED FOR WORK
1776480875250942: THREAD 6,SEARCH,Shigeru Miyamoto,0
1776480875250949: THREAD 6 READ LOCK ACQUIRED
1776480875250956: THREAD 6 READ LOCK RELEASED
1776480875250991: THREAD 1 WAITING FOR MY TURN
1776480875251000: THREAD 1 AWAKENED FOR WORK
1776480875251013: THREAD 1,INSERT,Hideo Kojima,92000
1776480875251029: THREAD 4 WAITING FOR MY TURN
1776480875251040: THREAD 4 AWAKENED FOR WORK
1776480875251052: THREAD 4,INSERT,Hidetaka Miyazaki,95000
1776480875250928: THREAD 5 READ LOCK RELEASED
1776480875251087: THREAD 9 WAITING FOR MY TURN
1776480875251099: THREAD 9 AWAKENED FOR WORK
1776480875251107: THREAD 9,INSERT,Satoshi Kon,98000
1776480875251115: THREAD 7 WAITING FOR MY TURN
1776480875251123: THREAD 7 AWAKENED FOR WORK
1776480875251133: THREAD 7,SEARCH,Hideo Kojima,0
1776480875251124: THREAD 9 WRITE LOCK ACQUIRED
1776480875251154: THREAD 9 WRITE LOCK RELEASED
1776480875251157: THREAD 8 WAITING FOR MY TURN
1776480875251169: THREAD 8 AWAKENED FOR WORK
1776480875251179: THREAD 8,INSERT,Hayao Miyazaki,105000
1776480875251165: THREAD 4 WRITE LOCK ACQUIRED
1776480875251196: THREAD 4 WRITE LOCK RELEASED
1776480875251206: THREAD 1 WRITE LOCK ACQUIRED
1776480875251213: THREAD 1 WRITE LOCK RELEASED
1776480875251221: THREAD 8 WRITE LOCK ACQUIRED
1776480875251232: THREAD 8 WRITE LOCK RELEASED
1776480875251242: THREAD 7 READ LOCK ACQUIRED
1776480875251249: THREAD 7 READ LOCK RELEASED
1776480875251721: THREAD 10 WAITING FOR MY TURN
1776480875251733: THREAD 10 AWAKENED FOR WORK
1776480875251741: THREAD 10,INSERT,Makoto Shinkai,102000
1776480875251748: THREAD 10 WRITE LOCK ACQUIRED
1776480875251756: THREAD 11 WAITING FOR MY TURN
1776480875251764: THREAD 11 AWAKENED FOR WORK
1776480875251771: THREAD 11,PRINT,0,0
1776480875251757: THREAD 10 WRITE LOCK RELEASED
1776480875251794: THREAD 11 READ LOCK ACQUIRED
1776480875251809: THREAD 12 WAITING FOR MY TURN
1776480875251818: THREAD 12 AWAKENED FOR WORK
1776480875251829: THREAD 12,UPDATE,Shigeru Miyamoto,90000
1776480875251821: THREAD 11 READ LOCK RELEASED
1776480875251846: THREAD 13 WAITING FOR MY TURN
1776480875251857: THREAD 13 AWAKENED FOR WORK
1776480875251866: THREAD 13,UPDATE,Hideo Kojima,97000
1776480875251855: THREAD 12 WRITE LOCK ACQUIRED
1776480875251950: THREAD 12 WRITE LOCK RELEASED
1776480875251960: THREAD 13 WRITE LOCK ACQUIRED
1776480875251972: THREAD 13 WRITE LOCK RELEASED
1776480875252003: THREAD 14 WAITING FOR MY TURN
1776480875252016: THREAD 14 AWAKENED FOR WORK
1776480875252023: THREAD 14,SEARCH,Shigeru Miyamoto,0
1776480875252027: THREAD 14 READ LOCK ACQUIRED
1776480875252035: THREAD 14 READ LOCK RELEASED
1776480875252090: THREAD 15 WAITING FOR MY TURN
1776480875252098: THREAD 15 AWAKENED FOR WORK
1776480875252102: THREAD 15,SEARCH,Hideo Kojima,0
1776480875252108: THREAD 15 READ LOCK ACQUIRED
1776480875252116: THREAD 15 READ LOCK RELEASED
1776480875252136: THREAD 16 WAITING FOR MY TURN
1776480875252147: THREAD 16 AWAKENED FOR WORK
1776480875252155: THREAD 16,INSERT,Cloud Strife,75000
1776480875252161: THREAD 16 WRITE LOCK ACQUIRED
1776480875252167: THREAD 16 WRITE LOCK RELEASED
1776480875252181: THREAD 17 WAITING FOR MY TURN
1776480875252202: THREAD 17 AWAKENED FOR WORK
1776480875252212: THREAD 17,INSERT,Samus Aran,78000
1776480875252218: THREAD 17 WRITE LOCK ACQUIRED
1776480875252227: THREAD 17 WRITE LOCK RELEASED
1776480875252237: THREAD 18 WAITING FOR MY TURN
1776480875252244: THREAD 18 AWAKENED FOR WORK
1776480875252251: THREAD 18,INSERT,Link,82000
1776480875252257: THREAD 18 WRITE LOCK ACQUIRED
1776480875252265: THREAD 18 WRITE LOCK RELEASED
1776480875252279: THREAD 19 WAITING FOR MY TURN
1776480875252289: THREAD 19 AWAKENED FOR WORK
1776480875252297: THREAD 19,SEARCH,Cloud Strife,0
1776480875252303: THREAD 19 READ LOCK ACQUIRED
1776480875252312: THREAD 19 READ LOCK RELEASED
1776480875252339: THREAD 20 WAITING FOR MY TURN
1776480875252350: THREAD 20 AWAKENED FOR WORK
1776480875252358: THREAD 20,SEARCH,Link,0
1776480875252365: THREAD 20 READ LOCK ACQUIRED
1776480875252373: THREAD 20 READ LOCK RELEASED
1776480875252384: THREAD 21 WAITING FOR MY TURN
1776480875252391: THREAD 21 AWAKENED FOR WORK
1776480875252401: THREAD 21,PRINT,0,0
1776480875252406: THREAD 21 READ LOCK ACQUIRED
1776480875252427: THREAD 22 WAITING FOR MY TURN
1776480875252436: THREAD 22 AWAKENED FOR WORK
1776480875252446: THREAD 22,DELETE,Todd Howard,0
1776480875252439: THREAD 21 READ LOCK RELEASED
1776480875252465: THREAD 22 WRITE LOCK ACQUIRED
1776480875252472: THREAD 23 WAITING FOR MY TURN
1776480875252484: THREAD 23 AWAKENED FOR WORK
1776480875252494: THREAD 23,SEARCH,Todd Howard,0
1776480875252476: THREAD 22 WRITE LOCK RELEASED
1776480875252515: THREAD 23 READ LOCK ACQUIRED
1776480875252526: THREAD 23 READ LOCK RELEASED
1776480875252549: THREAD 25 WAITING FOR MY TURN
1776480875252557: THREAD 25 AWAKENED FOR WORK
1776480875252561: THREAD 25,INSERT,Master Chief,83000
1776480875252566: THREAD 25 WRITE LOCK ACQUIRED
1776480875252575: THREAD 25 WRITE LOCK RELEASED
1776480875252593: THREAD 26 WAITING FOR MY TURN
1776480875252604: THREAD 26 AWAKENED FOR WORK
1776480875252612: THREAD 26,UPDATE,Gabe Newell,93000
1776480875252617: THREAD 26 WRITE LOCK ACQUIRED
1776480875252627: THREAD 26 WRITE LOCK RELEASED
1776480875252638: THREAD 27 WAITING FOR MY TURN
1776480875252648: THREAD 27 AWAKENED FOR WORK
1776480875252657: THREAD 27,SEARCH,Gabe Newell,0
1776480875252663: THREAD 27 READ LOCK ACQUIRED
1776480875252671: THREAD 28 WAITING FOR MY TURN
1776480875252682: THREAD 28 AWAKENED FOR WORK
1776480875252690: THREAD 28,INSERT,Aerith Gainsborough,71000
1776480875252671: THREAD 27 READ LOCK RELEASED
1776480875252718: THREAD 28 WRITE LOCK ACQUIRED
1776480875252726: THREAD 28 WRITE LOCK RELEASED
1776480875252748: THREAD 29 WAITING FOR MY TURN
1776480875252759: THREAD 29 AWAKENED FOR WORK
1776480875252767: THREAD 29,INSERT,Tifa Lockhart,69000
1776480875252774: THREAD 29 WRITE LOCK ACQUIRED
1776480875252783: THREAD 29 WRITE LOCK RELEASED
1776480875252837: THREAD 30 WAITING FOR MY TURN
1776480875252849: THREAD 30 AWAKENED FOR WORK
1776480875252859: THREAD 30,INSERT,Yuna,74000
1776480875252866: THREAD 30 WRITE LOCK ACQUIRED
1776480875252874: THREAD 24 WAITING FOR MY TURN
1776480875252885: THREAD 24 AWAKENED FOR WORK
1776480875252894: THREAD 24,INSERT,Solid Snake,80000
1776480875252875: THREAD 30 WRITE LOCK RELEASED
1776480875252933: THREAD 24 WRITE LOCK ACQUIRED
1776480875252944: THREAD 24 WRITE LOCK RELEASED
1776480875252991: THREAD 32 WAITING FOR MY TURN
1776480875252999: THREAD 32 AWAKENED FOR WORK
1776480875253004: THREAD 32,SEARCH,Aerith Gainsborough,0
1776480875253008: THREAD 32 READ LOCK ACQUIRED
1776480875253013: THREAD 32 READ LOCK RELEASED
1776480875253019: THREAD 31 WAITING FOR MY TURN
1776480875253027: THREAD 31 AWAKENED FOR WORK
1776480875253033: THREAD 31,PRINT,0,0
1776480875253038: THREAD 31 READ LOCK ACQUIRED
1776480875253071: THREAD 31 READ LOCK RELEASED
1776480875253106: THREAD 33 WAITING FOR MY TURN
1776480875253118: THREAD 33 AWAKENED FOR WORK
1776480875253126: THREAD 33,UPDATE,Aerith Gainsborough,76000
1776480875253132: THREAD 33 WRITE LOCK ACQUIRED
1776480875253141: THREAD 33 WRITE LOCK RELEASED
1776480875253187: THREAD 34 WAITING FOR MY TURN
1776480875253194: THREAD 34 AWAKENED FOR WORK
1776480875253206: THREAD 34,SEARCH,Aerith Gainsborough,0
1776480875253209: THREAD 34 READ LOCK ACQUIRED
1776480875253215: THREAD 34 READ LOCK RELEASED
1776480875253245: THREAD 35 WAITING FOR MY TURN
1776480875253256: THREAD 35 AWAKENED FOR WORK
1776480875253264: THREAD 35,DELETE,Satoshi Kon,0
1776480875253270: THREAD 35 WRITE LOCK ACQUIRED
1776480875253279: THREAD 35 WRITE LOCK RELEASED
1776480875253288: THREAD 36 WAITING FOR MY TURN
1776480875253295: THREAD 36 AWAKENED FOR WORK
1776480875253300: THREAD 36,SEARCH,Satoshi Kon,0
1776480875253304: THREAD 36 READ LOCK ACQUIRED
1776480875253311: THREAD 36 READ LOCK RELEASED
1776480875253349: THREAD 37 WAITING FOR MY TURN
1776480875253358: THREAD 37 AWAKENED FOR WORK
1776480875253363: THREAD 37,INSERT,Nobuo Uematsu,88000
1776480875253367: THREAD 37 WRITE LOCK ACQUIRED
1776480875253372: THREAD 37 WRITE LOCK RELEASED
1776480875253377: THREAD 38 WAITING FOR MY TURN
1776480875253389: THREAD 38 AWAKENED FOR WORK
1776480875253397: THREAD 38,INSERT,Koji Kondo,86000
1776480875253403: THREAD 38 WRITE LOCK ACQUIRED
1776480875253412: THREAD 38 WRITE LOCK RELEASED
1776480875253418: THREAD 39 WAITING FOR MY TURN
1776480875253426: THREAD 39 AWAKENED FOR WORK
1776480875253431: THREAD 39,INSERT,Yoko Shimomura,91000
1776480875253435: THREAD 39 WRITE LOCK ACQUIRED
1776480875253443: THREAD 39 WRITE LOCK RELEASED
1776480875253486: THREAD 40 WAITING FOR MY TURN
1776480875253498: THREAD 40 AWAKENED FOR WORK
1776480875253503: THREAD 40,PRINT,0,0
1776480875253506: THREAD 40 READ LOCK ACQUIRED
1776480875253520: THREAD 41 WAITING FOR MY TURN
1776480875253535: THREAD 41 AWAKENED FOR WORK
1776480875253549: THREAD 41,UPDATE,Hidetaka Miyazaki,100000
1776480875253539: THREAD 40 READ LOCK RELEASED
1776480875253574: THREAD 41 WRITE LOCK ACQUIRED
1776480875253589: THREAD 42 WAITING FOR MY TURN
1776480875253600: THREAD 42 AWAKENED FOR WORK
1776480875253616: THREAD 42,UPDATE,Hayao Miyazaki,110000
1776480875253656: THREAD 43 WAITING FOR MY TURN
1776480875253671: THREAD 43 AWAKENED FOR WORK
1776480875253678: THREAD 43,SEARCH,Hidetaka Miyazaki,0
1776480875253590: THREAD 41 WRITE LOCK RELEASED
1776480875253723: THREAD 42 WRITE LOCK ACQUIRED
1776480875253737: THREAD 42 WRITE LOCK RELEASED
1776480875253746: THREAD 44 WAITING FOR MY TURN
1776480875253756: THREAD 44 AWAKENED FOR WORK
1776480875253765: THREAD 44,SEARCH,Hayao Miyazaki,0
1776480875253771: THREAD 44 READ LOCK ACQUIRED
1776480875253773: THREAD 43 READ LOCK ACQUIRED
1776480875253780: THREAD 44 READ LOCK RELEASED
1776480875253792: THREAD 43 READ LOCK RELEASED
1776480875253875: THREAD 45 WAITING FOR MY TURN
1776480875253886: THREAD 45 AWAKENED FOR WORK
1776480875253892: THREAD 45,INSERT,Mario,65000
1776480875253896: THREAD 45 WRITE LOCK ACQUIRED
1776480875253922: THREAD 45 WRITE LOCK RELEASED
1776480875253991: THREAD 46 WAITING FOR MY TURN
1776480875254001: THREAD 46 AWAKENED FOR WORK
1776480875254006: THREAD 46,INSERT,Sonic,67000
1776480875254010: THREAD 46 WRITE LOCK ACQUIRED
1776480875254024: THREAD 46 WRITE LOCK RELEASED
1776480875254063: THREAD 47 WAITING FOR MY TURN
1776480875254076: THREAD 47 AWAKENED FOR WORK
1776480875254084: THREAD 47,DELETE,Tifa Lockhart,0
1776480875254091: THREAD 47 WRITE LOCK ACQUIRED
1776480875254101: THREAD 47 WRITE LOCK RELEASED
1776480875254114: THREAD 48 WAITING FOR MY TURN
1776480875254122: THREAD 48 AWAKENED FOR WORK
1776480875254128: THREAD 48,SEARCH,Tifa Lockhart,0
1776480875254132: THREAD 48 READ LOCK ACQUIRED
1776480875254137: THREAD 48 READ LOCK RELEASED
1776480875254181: THREAD 49 WAITING FOR MY TURN
1776480875254191: THREAD 49 AWAKENED FOR WORK
1776480875254196: THREAD 49,INSERT,Lara Croft,77000
1776480875254200: THREAD 49 WRITE LOCK ACQUIRED
1776480875254206: THREAD 49 WRITE LOCK RELEASED
1776480875254246: THREAD 50 WAITING FOR MY TURN
1776480875254259: THREAD 50 AWAKENED FOR WORK
1776480875254266: THREAD 50,UPDATE,Master Chief,88000
1776480875254272: THREAD 50 WRITE LOCK ACQUIRED
1776480875254282: THREAD 50 WRITE LOCK RELEASED
1776480875254288: THREAD 51 WAITING FOR MY TURN
1776480875254296: THREAD 51 AWAKENED FOR WORK
1776480875254312: THREAD 51,SEARCH,Master Chief,0
1776480875254316: THREAD 51 READ LOCK ACQUIRED
1776480875254321: THREAD 51 READ LOCK RELEASED
1776480875254376: THREAD 52 WAITING FOR MY TURN
1776480875254387: THREAD 52 AWAKENED FOR WORK
1776480875254392: THREAD 52,PRINT,0,0
1776480875254396: THREAD 52 READ LOCK ACQUIRED
1776480875254411: THREAD 53 WAITING FOR MY TURN
1776480875254425: THREAD 53 AWAKENED FOR WORK
1776480875254434: THREAD 53,INSERT,Kirby,62000
1776480875254470: THREAD 52 READ LOCK RELEASED
1776480875254554: THREAD 53 WRITE LOCK ACQUIRED
1776480875254584: THREAD 53 WRITE LOCK RELEASED
1776480875254674: THREAD 54 WAITING FOR MY TURN
1776480875254696: THREAD 54 AWAKENED FOR WORK
1776480875254705: THREAD 54,UPDATE,Link,87000
1776480875254712: THREAD 54 WRITE LOCK ACQUIRED
1776480875254722: THREAD 54 WRITE LOCK RELEASED
1776480875254779: THREAD 56 WAITING FOR MY TURN
1776480875254793: THREAD 56 AWAKENED FOR WORK
1776480875254801: THREAD 56,INSERT,Geralt of Rivia,84000
1776480875254807: THREAD 56 WRITE LOCK ACQUIRED
1776480875254818: THREAD 56 WRITE LOCK RELEASED
1776480875254889: THREAD 58 WAITING FOR MY TURN
1776480875254908: THREAD 58 AWAKENED FOR WORK
1776480875254918: THREAD 58,UPDATE,Missing Person,99999
1776480875254928: THREAD 58 WRITE LOCK ACQUIRED
1776480875254938: THREAD 58 WRITE LOCK RELEASED
1776480875255728: THREAD 55 WAITING FOR MY TURN
1776480875255762: THREAD 55 AWAKENED FOR WORK
1776480875255775: THREAD 55,DELETE,Yuna,0
1776480875255785: THREAD 55 WRITE LOCK ACQUIRED
1776480875255803: THREAD 55 WRITE LOCK RELEASED
1776480875255964: THREAD 57 WAITING FOR MY TURN
1776480875255986: THREAD 57 AWAKENED FOR WORK
1776480875255997: THREAD 57,SEARCH,Nonexistent Character,0
1776480875256006: THREAD 57 READ LOCK ACQUIRED
1776480875256020: THREAD 57 READ LOCK RELEASED
1776480875256088: THREAD 59 WAITING FOR MY TURN
1776480875256102: THREAD 59 AWAKENED FOR WORK
1776480875256113: THREAD 59,PRINT,0,0
1776480875256119: THREAD 59 READ LOCK ACQUIRED
1776480875257345: THREAD 59 READ LOCK RELEASED
